17:26:06.208 [main] INFO  testCases.TC_001_TravelInsuranceTest - clicking car insurance
17:26:06.807 [main] INFO  testCases.TC_001_TravelInsuranceTest - Clicking the car quote
17:27:19.779 [main] INFO  testCases.TC_001_TravelInsuranceTest - Entering the city and rto
17:28:24.078 [main] INFO  testCases.TC_001_TravelInsuranceTest - ***** Starting TC_003_HealthInsuranceTest *****
17:28:24.079 [main] INFO  testCases.TC_001_TravelInsuranceTest - displaying the health insurance
17:28:32.381 [main] INFO  testCases.TC_001_TravelInsuranceTest - ***** Finishing TC_003_HealthInsuranceTest *****
17:29:09.663 [main] INFO  testCases.TC_001_TravelInsuranceTest - ***** Starting TC_001_TravelInsuranceTest *****
17:29:09.674 [main] INFO  testCases.TC_001_TravelInsuranceTest - clicking travel insurance
17:29:11.105 [main] INFO  testCases.TC_001_TravelInsuranceTest - entering destination
17:29:43.043 [main] INFO  testCases.TC_001_TravelInsuranceTest - entering trip date
17:29:48.543 [main] INFO  testCases.TC_001_TravelInsuranceTest - entering travellers detail
17:29:55.267 [main] INFO  testCases.TC_001_TravelInsuranceTest - entering travellers medical history
17:29:55.927 [main] INFO  testCases.TC_001_TravelInsuranceTest - entering contact details
17:30:59.717 [main] INFO  testCases.TC_001_TravelInsuranceTest - ***** Starting TC_002_CarInsuranceTest *****
17:30:59.717 [main] INFO  testCases.TC_001_TravelInsuranceTest - clicking car insurance
17:31:00.399 [main] INFO  testCases.TC_001_TravelInsuranceTest - Clicking the car quote
17:31:54.742 [main] INFO  testCases.TC_001_TravelInsuranceTest - ***** Starting TC_001_TravelInsuranceTest *****
17:31:54.755 [main] INFO  testCases.TC_001_TravelInsuranceTest - clicking travel insurance
17:31:56.204 [main] INFO  testCases.TC_001_TravelInsuranceTest - entering destination
17:32:02.311 [main] INFO  testCases.TC_001_TravelInsuranceTest - entering trip date
17:32:08.599 [main] INFO  testCases.TC_001_TravelInsuranceTest - entering travellers detail
17:32:16.869 [main] INFO  testCases.TC_001_TravelInsuranceTest - entering travellers medical history
17:32:17.601 [main] INFO  testCases.TC_001_TravelInsuranceTest - entering contact details
17:32:19.257 [main] INFO  testCases.TC_001_TravelInsuranceTest - handling popup
17:32:25.585 [main] INFO  testCases.TC_001_TravelInsuranceTest - selcting the student plan
17:32:27.261 [main] INFO  testCases.TC_001_TravelInsuranceTest - sorting the price as low to high
17:32:29.970 [main] INFO  testCases.TC_001_TravelInsuranceTest - displaying travel insurance
17:32:34.604 [main] INFO  testCases.TC_001_TravelInsuranceTest - ***** Finishing TC_001_TravelInsuranceTest *****
17:32:39.023 [main] INFO  testCases.TC_001_TravelInsuranceTest - ***** Starting TC_002_CarInsuranceTest *****
17:32:39.023 [main] INFO  testCases.TC_001_TravelInsuranceTest - clicking car insurance
17:32:40.060 [main] INFO  testCases.TC_001_TravelInsuranceTest - Clicking the car quote
17:33:42.771 [main] INFO  testCases.TC_001_TravelInsuranceTest - Entering the city and rto
17:34:13.413 [main] INFO  testCases.TC_001_TravelInsuranceTest - Entering the car brand
17:34:43.893 [main] INFO  testCases.TC_001_TravelInsuranceTest - Entering the car model
17:35:14.355 [main] INFO  testCases.TC_001_TravelInsuranceTest - Entering the car fuel type
17:35:44.842 [main] INFO  testCases.TC_001_TravelInsuranceTest - Entering the car variant
17:36:15.395 [main] INFO  testCases.TC_001_TravelInsuranceTest - filling the user details
17:37:16.976 [main] INFO  testCases.TC_001_TravelInsuranceTest - capturing error message
17:37:47.078 [main] INFO  testCases.TC_001_TravelInsuranceTest - ***** Finishing TC_002_CarInsuranceTest *****
17:37:51.860 [main] INFO  testCases.TC_001_TravelInsuranceTest - ***** Starting TC_003_HealthInsuranceTest *****
17:37:51.860 [main] INFO  testCases.TC_001_TravelInsuranceTest - displaying the health insurance
17:38:00.291 [main] INFO  testCases.TC_001_TravelInsuranceTest - ***** Finishing TC_003_HealthInsuranceTest *****
17:38:35.671 [main] INFO  testCases.TC_001_TravelInsuranceTest - ***** Starting TC_001_TravelInsuranceTest *****
17:38:35.697 [main] INFO  testCases.TC_001_TravelInsuranceTest - clicking travel insurance
17:38:36.976 [main] INFO  testCases.TC_001_TravelInsuranceTest - entering destination
17:38:41.056 [main] INFO  testCases.TC_001_TravelInsuranceTest - entering trip date
17:38:45.662 [main] INFO  testCases.TC_001_TravelInsuranceTest - entering travellers detail
17:38:52.322 [main] INFO  testCases.TC_001_TravelInsuranceTest - entering travellers medical history
17:38:53.008 [main] INFO  testCases.TC_001_TravelInsuranceTest - entering contact details
17:38:54.711 [main] INFO  testCases.TC_001_TravelInsuranceTest - handling popup
17:39:00.592 [main] INFO  testCases.TC_001_TravelInsuranceTest - selcting the student plan
17:39:02.965 [main] INFO  testCases.TC_001_TravelInsuranceTest - sorting the price as low to high
17:39:06.154 [main] INFO  testCases.TC_001_TravelInsuranceTest - displaying travel insurance
